<?xml version="1.0" encoding="UTF-8"?>
<!-- Generated by org.testng.reporters.JUnitReportReporter -->
<testsuite hostname="MacBook-Pro.local" failures="0" tests="1" name="testsuite.Test_PraticeLocateElement" time="23.524" errors="0" timestamp="2024-05-19T21:34:40 ICT" skipped="0">
  <testcase classname="testsuite.Test_PraticeLocateElement" name="locateElementbyLinkText2" time="23.524"/>
  <system-out/>
</testsuite> <!-- testsuite.Test_PraticeLocateElement -->
