<?xml version="1.0" encoding="UTF-8"?>
<!-- Generated by org.testng.reporters.JUnitReportReporter -->
<testsuite hostname="MacBook-Pro.local" failures="0" tests="1" name="automation.testsuite.LongHoang.TS_PraticeLocateElement" time="10.049" errors="0" timestamp="2024-05-21T11:30:35 ICT" skipped="0">
  <testcase classname="automation.testsuite.LongHoang.TS_PraticeLocateElement" name="companyElementName" time="10.049"/>
  <system-out/>
</testsuite> <!-- automation.testsuite.LongHoang.TS_PraticeLocateElement -->
