<?xml version="1.0" encoding="UTF-8"?>
<!-- Generated by org.testng.reporters.JUnitReportReporter -->
<testsuite hostname="MacBook-Pro.local" failures="0" tests="1" name="automation.testsuite.LongHoang.TS_ParticeLocateElement_Ex2" time="17.183" errors="0" timestamp="2024-05-21T12:24:52 ICT" skipped="0">
  <testcase classname="automation.testsuite.LongHoang.TS_ParticeLocateElement_Ex2" name="elementTagName" time="17.183"/>
  <system-out/>
</testsuite> <!-- automation.testsuite.LongHoang.TS_ParticeLocateElement_Ex2 -->
